D:\Documents\cloud\Programmation\github\myDBEditor\routes\index.js
D:\Documents\cloud\Programmation\github\myDBEditor\routes\index.js.map
D:\Documents\cloud\Programmation\github\myDBEditor\routes\user.js
D:\Documents\cloud\Programmation\github\myDBEditor\routes\user.js.map
D:\Documents\cloud\Programmation\github\myDBEditor\app.js
D:\Documents\cloud\Programmation\github\myDBEditor\app.js.map
D:\Documents\cloud\Programmation\github\myDBEditor\routes\index.js
D:\Documents\cloud\Programmation\github\myDBEditor\routes\index.js.map
D:\Documents\cloud\Programmation\github\myDBEditor\routes\user.js
D:\Documents\cloud\Programmation\github\myDBEditor\routes\user.js.map
D:\Documents\cloud\Programmation\github\myDBEditor\app.js
D:\Documents\cloud\Programmation\github\myDBEditor\app.js.map
D:\Documents\cloud\Programmation\github\myDBEditor\model\mysql_wrapper.js
D:\Documents\cloud\Programmation\github\myDBEditor\model\mysql_wrapper.js.map
D:\Documents\cloud\Programmation\github\myDBEditor\routes\index.js
D:\Documents\cloud\Programmation\github\myDBEditor\routes\index.js.map
D:\Documents\cloud\Programmation\github\myDBEditor\routes\user.js
D:\Documents\cloud\Programmation\github\myDBEditor\routes\user.js.map
D:\Documents\cloud\Programmation\github\myDBEditor\app.js
D:\Documents\cloud\Programmation\github\myDBEditor\app.js.map
D:\Documents\cloud\Programmation\github\myDBEditor\model\mysql_wrapper.js
D:\Documents\cloud\Programmation\github\myDBEditor\model\mysql_wrapper.js.map
D:\Documents\cloud\Programmation\github\myDBEditor\routes\index.js
D:\Documents\cloud\Programmation\github\myDBEditor\routes\index.js.map
D:\Documents\cloud\Programmation\github\myDBEditor\routes\user.js
D:\Documents\cloud\Programmation\github\myDBEditor\routes\user.js.map
D:\Documents\cloud\Programmation\github\myDBEditor\app.js
D:\Documents\cloud\Programmation\github\myDBEditor\app.js.map
D:\Documents\cloud\Programmation\github\myDBEditor\model\mysql_wrapper.js
D:\Documents\cloud\Programmation\github\myDBEditor\model\mysql_wrapper.js.map
D:\Documents\cloud\Programmation\github\myDBEditor\routes\index.js
D:\Documents\cloud\Programmation\github\myDBEditor\routes\index.js.map
D:\Documents\cloud\Programmation\github\myDBEditor\routes\user.js
D:\Documents\cloud\Programmation\github\myDBEditor\routes\user.js.map
D:\Documents\cloud\Programmation\github\myDBEditor\app.js
D:\Documents\cloud\Programmation\github\myDBEditor\app.js.map
D:\Documents\cloud\Programmation\github\myDBEditor\model\mysql_wrapper.js
D:\Documents\cloud\Programmation\github\myDBEditor\model\mysql_wrapper.js.map
D:\Documents\cloud\Programmation\github\myDBEditor\routes\index.js
D:\Documents\cloud\Programmation\github\myDBEditor\routes\index.js.map
D:\Documents\cloud\Programmation\github\myDBEditor\routes\user.js
D:\Documents\cloud\Programmation\github\myDBEditor\routes\user.js.map
D:\Documents\cloud\Programmation\github\myDBEditor\app.js
D:\Documents\cloud\Programmation\github\myDBEditor\app.js.map
D:\Documents\cloud\Programmation\github\myDBEditor\model\mysql_wrapper.js
D:\Documents\cloud\Programmation\github\myDBEditor\model\mysql_wrapper.js.map
D:\Documents\cloud\Programmation\github\myDBEditor\routes\index.js
D:\Documents\cloud\Programmation\github\myDBEditor\routes\index.js.map
D:\Documents\cloud\Programmation\github\myDBEditor\routes\user.js
D:\Documents\cloud\Programmation\github\myDBEditor\routes\user.js.map
D:\Documents\cloud\Programmation\github\myDBEditor\app.js
D:\Documents\cloud\Programmation\github\myDBEditor\app.js.map
D:\Documents\cloud\Programmation\github\myDBEditor\model\mysql_wrapper.js
D:\Documents\cloud\Programmation\github\myDBEditor\model\mysql_wrapper.js.map
D:\Documents\cloud\Programmation\github\myDBEditor\routes\index.js
D:\Documents\cloud\Programmation\github\myDBEditor\routes\index.js.map
D:\Documents\cloud\Programmation\github\myDBEditor\routes\user.js
D:\Documents\cloud\Programmation\github\myDBEditor\routes\user.js.map
D:\Documents\cloud\Programmation\github\myDBEditor\app.js
D:\Documents\cloud\Programmation\github\myDBEditor\app.js.map
D:\Documents\cloud\Programmation\github\myDBEditor\model\mysql_wrapper.js
D:\Documents\cloud\Programmation\github\myDBEditor\model\mysql_wrapper.js.map
D:\Documents\cloud\Programmation\github\myDBEditor\routes\index.js
D:\Documents\cloud\Programmation\github\myDBEditor\routes\index.js.map
D:\Documents\cloud\Programmation\github\myDBEditor\routes\user.js
D:\Documents\cloud\Programmation\github\myDBEditor\routes\user.js.map
D:\Documents\cloud\Programmation\github\myDBEditor\app.js
D:\Documents\cloud\Programmation\github\myDBEditor\app.js.map
D:\Documents\cloud\Programmation\github\myDBEditor\model\mysql_wrapper.js
D:\Documents\cloud\Programmation\github\myDBEditor\model\mysql_wrapper.js.map
D:\Documents\cloud\Programmation\github\myDBEditor\routes\index.js
D:\Documents\cloud\Programmation\github\myDBEditor\routes\index.js.map
D:\Documents\cloud\Programmation\github\myDBEditor\routes\user.js
D:\Documents\cloud\Programmation\github\myDBEditor\routes\user.js.map
D:\Documents\cloud\Programmation\github\myDBEditor\app.js
D:\Documents\cloud\Programmation\github\myDBEditor\app.js.map
D:\Documents\cloud\Programmation\github\myDBEditor\model\mysql_wrapper.js
D:\Documents\cloud\Programmation\github\myDBEditor\model\mysql_wrapper.js.map
D:\Documents\cloud\Programmation\github\myDBEditor\routes\index.js
D:\Documents\cloud\Programmation\github\myDBEditor\routes\index.js.map
D:\Documents\cloud\Programmation\github\myDBEditor\routes\user.js
D:\Documents\cloud\Programmation\github\myDBEditor\routes\user.js.map
D:\Documents\cloud\Programmation\github\myDBEditor\app.js
D:\Documents\cloud\Programmation\github\myDBEditor\app.js.map
D:\Documents\cloud\Programmation\github\myDBEditor\model\mysql_wrapper.js
D:\Documents\cloud\Programmation\github\myDBEditor\model\mysql_wrapper.js.map
D:\Documents\cloud\Programmation\github\myDBEditor\routes\index.js
D:\Documents\cloud\Programmation\github\myDBEditor\routes\index.js.map
D:\Documents\cloud\Programmation\github\myDBEditor\routes\user.js
D:\Documents\cloud\Programmation\github\myDBEditor\routes\user.js.map
D:\Documents\cloud\Programmation\github\myDBEditor\app.js
D:\Documents\cloud\Programmation\github\myDBEditor\app.js.map
D:\Documents\cloud\Programmation\github\myDBEditor\model\mysql_wrapper.js
D:\Documents\cloud\Programmation\github\myDBEditor\model\mysql_wrapper.js.map
D:\Documents\cloud\Programmation\github\myDBEditor\routes\index.js
D:\Documents\cloud\Programmation\github\myDBEditor\routes\index.js.map
D:\Documents\cloud\Programmation\github\myDBEditor\routes\user.js
D:\Documents\cloud\Programmation\github\myDBEditor\routes\user.js.map
D:\Documents\cloud\Programmation\github\myDBEditor\app.js
D:\Documents\cloud\Programmation\github\myDBEditor\app.js.map
D:\Documents\cloud\Programmation\github\myDBEditor\model\mysql_wrapper.js
D:\Documents\cloud\Programmation\github\myDBEditor\model\mysql_wrapper.js.map
D:\Documents\cloud\Programmation\github\myDBEditor\routes\index.js
D:\Documents\cloud\Programmation\github\myDBEditor\routes\index.js.map
D:\Documents\cloud\Programmation\github\myDBEditor\routes\user.js
D:\Documents\cloud\Programmation\github\myDBEditor\routes\user.js.map
D:\Documents\cloud\Programmation\github\myDBEditor\app.js
D:\Documents\cloud\Programmation\github\myDBEditor\app.js.map
D:\Documents\cloud\Programmation\github\myDBEditor\model\mysql_wrapper.js
D:\Documents\cloud\Programmation\github\myDBEditor\model\mysql_wrapper.js.map
D:\Documents\cloud\Programmation\github\myDBEditor\routes\index.js
D:\Documents\cloud\Programmation\github\myDBEditor\routes\index.js.map
D:\Documents\cloud\Programmation\github\myDBEditor\routes\user.js
D:\Documents\cloud\Programmation\github\myDBEditor\routes\user.js.map
D:\Documents\cloud\Programmation\github\myDBEditor\app.js
D:\Documents\cloud\Programmation\github\myDBEditor\app.js.map
D:\Documents\cloud\Programmation\github\myDBEditor\model\mysql_wrapper.js
D:\Documents\cloud\Programmation\github\myDBEditor\model\mysql_wrapper.js.map
D:\Documents\cloud\Programmation\github\myDBEditor\routes\index.js
D:\Documents\cloud\Programmation\github\myDBEditor\routes\index.js.map
D:\Documents\cloud\Programmation\github\myDBEditor\routes\user.js
D:\Documents\cloud\Programmation\github\myDBEditor\routes\user.js.map
D:\Documents\cloud\Programmation\github\myDBEditor\app.js
D:\Documents\cloud\Programmation\github\myDBEditor\app.js.map
D:\Documents\cloud\Programmation\github\myDBEditor\model\mysql_wrapper.js
D:\Documents\cloud\Programmation\github\myDBEditor\model\mysql_wrapper.js.map
D:\Documents\cloud\Programmation\github\myDBEditor\routes\index.js
D:\Documents\cloud\Programmation\github\myDBEditor\routes\index.js.map
D:\Documents\cloud\Programmation\github\myDBEditor\routes\user.js
D:\Documents\cloud\Programmation\github\myDBEditor\routes\user.js.map
D:\Documents\cloud\Programmation\github\myDBEditor\app.js
D:\Documents\cloud\Programmation\github\myDBEditor\app.js.map
D:\Documents\cloud\Programmation\github\myDBEditor\model\mysql_wrapper.js
D:\Documents\cloud\Programmation\github\myDBEditor\model\mysql_wrapper.js.map
D:\Documents\cloud\Programmation\github\myDBEditor\routes\index.js
D:\Documents\cloud\Programmation\github\myDBEditor\routes\index.js.map
D:\Documents\cloud\Programmation\github\myDBEditor\routes\user.js
D:\Documents\cloud\Programmation\github\myDBEditor\routes\user.js.map
D:\Documents\cloud\Programmation\github\myDBEditor\app.js
D:\Documents\cloud\Programmation\github\myDBEditor\app.js.map
D:\Documents\cloud\Programmation\github\myDBEditor\model\mysql_wrapper.js
D:\Documents\cloud\Programmation\github\myDBEditor\model\mysql_wrapper.js.map
D:\Documents\cloud\Programmation\github\myDBEditor\routes\index.js
D:\Documents\cloud\Programmation\github\myDBEditor\routes\index.js.map
D:\Documents\cloud\Programmation\github\myDBEditor\routes\user.js
D:\Documents\cloud\Programmation\github\myDBEditor\routes\user.js.map
D:\Documents\cloud\Programmation\github\myDBEditor\app.js
D:\Documents\cloud\Programmation\github\myDBEditor\app.js.map
D:\Documents\cloud\Programmation\github\myDBEditor\model\mysql_wrapper.js
D:\Documents\cloud\Programmation\github\myDBEditor\model\mysql_wrapper.js.map
D:\Documents\cloud\Programmation\github\myDBEditor\routes\index.js
D:\Documents\cloud\Programmation\github\myDBEditor\routes\index.js.map
D:\Documents\cloud\Programmation\github\myDBEditor\routes\user.js
D:\Documents\cloud\Programmation\github\myDBEditor\routes\user.js.map
D:\Documents\cloud\Programmation\github\myDBEditor\app.js
D:\Documents\cloud\Programmation\github\myDBEditor\app.js.map
D:\Documents\cloud\Programmation\github\myDBEditor\model\mysql_wrapper.js
D:\Documents\cloud\Programmation\github\myDBEditor\model\mysql_wrapper.js.map
D:\Documents\cloud\Programmation\github\myDBEditor\routes\index.js
D:\Documents\cloud\Programmation\github\myDBEditor\routes\index.js.map
D:\Documents\cloud\Programmation\github\myDBEditor\routes\user.js
D:\Documents\cloud\Programmation\github\myDBEditor\routes\user.js.map
D:\Documents\cloud\Programmation\github\myDBEditor\app.js
D:\Documents\cloud\Programmation\github\myDBEditor\app.js.map
D:\Documents\cloud\Programmation\github\myDBEditor\model\mysql_wrapper.js
D:\Documents\cloud\Programmation\github\myDBEditor\model\mysql_wrapper.js.map
D:\Documents\cloud\Programmation\github\myDBEditor\routes\index.js
D:\Documents\cloud\Programmation\github\myDBEditor\routes\index.js.map
D:\Documents\cloud\Programmation\github\myDBEditor\routes\user.js
D:\Documents\cloud\Programmation\github\myDBEditor\routes\user.js.map
D:\Documents\cloud\Programmation\github\myDBEditor\app.js
D:\Documents\cloud\Programmation\github\myDBEditor\app.js.map
D:\Documents\cloud\Programmation\github\myDBEditor\model\mysql_wrapper.js
D:\Documents\cloud\Programmation\github\myDBEditor\model\mysql_wrapper.js.map
D:\Documents\cloud\Programmation\github\myDBEditor\routes\index.js
D:\Documents\cloud\Programmation\github\myDBEditor\routes\index.js.map
D:\Documents\cloud\Programmation\github\myDBEditor\routes\user.js
D:\Documents\cloud\Programmation\github\myDBEditor\routes\user.js.map
D:\Documents\cloud\Programmation\github\myDBEditor\app.js
D:\Documents\cloud\Programmation\github\myDBEditor\app.js.map
D:\Documents\cloud\Programmation\github\myDBEditor\model\mysql_wrapper.js
D:\Documents\cloud\Programmation\github\myDBEditor\model\mysql_wrapper.js.map
D:\Documents\cloud\Programmation\github\myDBEditor\routes\index.js
D:\Documents\cloud\Programmation\github\myDBEditor\routes\index.js.map
D:\Documents\cloud\Programmation\github\myDBEditor\routes\user.js
D:\Documents\cloud\Programmation\github\myDBEditor\routes\user.js.map
D:\Documents\cloud\Programmation\github\myDBEditor\app.js
D:\Documents\cloud\Programmation\github\myDBEditor\app.js.map
D:\Documents\cloud\Programmation\github\myDBEditor\model\mysql_wrapper.js
D:\Documents\cloud\Programmation\github\myDBEditor\model\mysql_wrapper.js.map
D:\Documents\cloud\Programmation\github\myDBEditor\routes\index.js
D:\Documents\cloud\Programmation\github\myDBEditor\routes\index.js.map
D:\Documents\cloud\Programmation\github\myDBEditor\routes\user.js
D:\Documents\cloud\Programmation\github\myDBEditor\routes\user.js.map
D:\Documents\cloud\Programmation\github\myDBEditor\app.js
D:\Documents\cloud\Programmation\github\myDBEditor\app.js.map
D:\Documents\cloud\Programmation\github\myDBEditor\model\mysql_wrapper.js
D:\Documents\cloud\Programmation\github\myDBEditor\model\mysql_wrapper.js.map
D:\Documents\cloud\Programmation\github\myDBEditor\routes\index.js
D:\Documents\cloud\Programmation\github\myDBEditor\routes\index.js.map
D:\Documents\cloud\Programmation\github\myDBEditor\routes\user.js
D:\Documents\cloud\Programmation\github\myDBEditor\routes\user.js.map
D:\Documents\cloud\Programmation\github\myDBEditor\app.js
D:\Documents\cloud\Programmation\github\myDBEditor\app.js.map
D:\Documents\cloud\Programmation\github\myDBEditor\model\mysql_wrapper.js
D:\Documents\cloud\Programmation\github\myDBEditor\model\mysql_wrapper.js.map
D:\Documents\cloud\Programmation\github\myDBEditor\routes\index.js
D:\Documents\cloud\Programmation\github\myDBEditor\routes\index.js.map
D:\Documents\cloud\Programmation\github\myDBEditor\routes\user.js
D:\Documents\cloud\Programmation\github\myDBEditor\routes\user.js.map
D:\Documents\cloud\Programmation\github\myDBEditor\app.js
D:\Documents\cloud\Programmation\github\myDBEditor\app.js.map
D:\Documents\cloud\Programmation\github\myDBEditor\model\mysql_wrapper.js
D:\Documents\cloud\Programmation\github\myDBEditor\model\mysql_wrapper.js.map
D:\Documents\cloud\Programmation\github\myDBEditor\routes\index.js
D:\Documents\cloud\Programmation\github\myDBEditor\routes\index.js.map
D:\Documents\cloud\Programmation\github\myDBEditor\routes\user.js
D:\Documents\cloud\Programmation\github\myDBEditor\routes\user.js.map
D:\Documents\cloud\Programmation\github\myDBEditor\app.js
D:\Documents\cloud\Programmation\github\myDBEditor\app.js.map
D:\Documents\cloud\Programmation\github\myDBEditor\model\mysql_wrapper.js
D:\Documents\cloud\Programmation\github\myDBEditor\model\mysql_wrapper.js.map
D:\Documents\cloud\Programmation\github\myDBEditor\routes\index.js
D:\Documents\cloud\Programmation\github\myDBEditor\routes\index.js.map
D:\Documents\cloud\Programmation\github\myDBEditor\routes\user.js
D:\Documents\cloud\Programmation\github\myDBEditor\routes\user.js.map
D:\Documents\cloud\Programmation\github\myDBEditor\app.js
D:\Documents\cloud\Programmation\github\myDBEditor\app.js.map
D:\Documents\cloud\Programmation\github\myDBEditor\model\mysql_wrapper.js
D:\Documents\cloud\Programmation\github\myDBEditor\model\mysql_wrapper.js.map
D:\Documents\cloud\Programmation\github\myDBEditor\routes\index.js
D:\Documents\cloud\Programmation\github\myDBEditor\routes\index.js.map
D:\Documents\cloud\Programmation\github\myDBEditor\routes\user.js
D:\Documents\cloud\Programmation\github\myDBEditor\routes\user.js.map
D:\Documents\cloud\Programmation\github\myDBEditor\app.js
D:\Documents\cloud\Programmation\github\myDBEditor\app.js.map
D:\Documents\cloud\Programmation\github\myDBEditor\model\mysql_wrapper.js
D:\Documents\cloud\Programmation\github\myDBEditor\model\mysql_wrapper.js.map
D:\Documents\cloud\Programmation\github\myDBEditor\routes\index.js
D:\Documents\cloud\Programmation\github\myDBEditor\routes\index.js.map
D:\Documents\cloud\Programmation\github\myDBEditor\routes\user.js
D:\Documents\cloud\Programmation\github\myDBEditor\routes\user.js.map
D:\Documents\cloud\Programmation\github\myDBEditor\app.js
D:\Documents\cloud\Programmation\github\myDBEditor\app.js.map
D:\Documents\cloud\Programmation\github\myDBEditor\model\mysql_wrapper.js
D:\Documents\cloud\Programmation\github\myDBEditor\model\mysql_wrapper.js.map
D:\Documents\cloud\Programmation\github\myDBEditor\routes\index.js
D:\Documents\cloud\Programmation\github\myDBEditor\routes\index.js.map
D:\Documents\cloud\Programmation\github\myDBEditor\routes\user.js
D:\Documents\cloud\Programmation\github\myDBEditor\routes\user.js.map
D:\Documents\cloud\Programmation\github\myDBEditor\app.js
D:\Documents\cloud\Programmation\github\myDBEditor\app.js.map
D:\Documents\cloud\Programmation\github\myDBEditor\model\mysql_wrapper.js
D:\Documents\cloud\Programmation\github\myDBEditor\model\mysql_wrapper.js.map
D:\Documents\cloud\Programmation\github\myDBEditor\routes\index.js
D:\Documents\cloud\Programmation\github\myDBEditor\routes\index.js.map
D:\Documents\cloud\Programmation\github\myDBEditor\routes\user.js
D:\Documents\cloud\Programmation\github\myDBEditor\routes\user.js.map
D:\Documents\cloud\Programmation\github\myDBEditor\app.js
D:\Documents\cloud\Programmation\github\myDBEditor\app.js.map
D:\Documents\cloud\Programmation\github\myDBEditor\model\mysql_wrapper.js
D:\Documents\cloud\Programmation\github\myDBEditor\model\mysql_wrapper.js.map
D:\Documents\cloud\Programmation\github\myDBEditor\routes\index.js
D:\Documents\cloud\Programmation\github\myDBEditor\routes\index.js.map
D:\Documents\cloud\Programmation\github\myDBEditor\routes\user.js
D:\Documents\cloud\Programmation\github\myDBEditor\routes\user.js.map
D:\Documents\cloud\Programmation\github\myDBEditor\app.js
D:\Documents\cloud\Programmation\github\myDBEditor\app.js.map
D:\Documents\cloud\Programmation\github\myDBEditor\model\mysql_wrapper.js
D:\Documents\cloud\Programmation\github\myDBEditor\model\mysql_wrapper.js.map
D:\Documents\cloud\Programmation\github\myDBEditor\routes\index.js
D:\Documents\cloud\Programmation\github\myDBEditor\routes\index.js.map
D:\Documents\cloud\Programmation\github\myDBEditor\routes\user.js
D:\Documents\cloud\Programmation\github\myDBEditor\routes\user.js.map
D:\Documents\cloud\Programmation\github\myDBEditor\app.js
D:\Documents\cloud\Programmation\github\myDBEditor\app.js.map
D:\Documents\cloud\Programmation\github\myDBEditor\model\mysql_wrapper.js
D:\Documents\cloud\Programmation\github\myDBEditor\model\mysql_wrapper.js.map
D:\Documents\cloud\Programmation\github\myDBEditor\routes\index.js
D:\Documents\cloud\Programmation\github\myDBEditor\routes\index.js.map
D:\Documents\cloud\Programmation\github\myDBEditor\routes\user.js
D:\Documents\cloud\Programmation\github\myDBEditor\routes\user.js.map
D:\Documents\cloud\Programmation\github\myDBEditor\app.js
D:\Documents\cloud\Programmation\github\myDBEditor\app.js.map
